ERC report (2026-01-25T11:16:10-0500, Encoding UTF8)

***** Sheet /
[unconnected_wire_endpoint]: Unconnected wire endpoint
    ; warning
    @(72.39 mm, 83.82 mm): Horizontal Wire, length 2.54 mm
[footprint_link_issues]: Footprint 'MOUDLE14P-XIAO-DIP-SMD' not found in library 'Module'.
    ; warning
    @(78.74 mm, 78.74 mm): Symbol U1 [XIAO-RP2040-DIP]
[unconnected_wire_endpoint]: Unconnected wire endpoint
    ; warning
    @(72.39 mm, 87.63 mm): Horizontal Wire, length 2.54 mm
[unconnected_wire_endpoint]: Unconnected wire endpoint
    ; warning
    @(72.39 mm, 91.44 mm): Horizontal Wire, length 2.54 mm
[unconnected_wire_endpoint]: Unconnected wire endpoint
    ; warning
    @(72.39 mm, 95.25 mm): Horizontal Wire, length 2.54 mm
[unconnected_wire_endpoint]: Unconnected wire endpoint
    ; warning
    @(72.39 mm, 99.06 mm): Horizontal Wire, length 2.54 mm
[unconnected_wire_endpoint]: Unconnected wire endpoint
    ; warning
    @(72.39 mm, 102.87 mm): Horizontal Wire, length 2.54 mm
[unconnected_wire_endpoint]: Unconnected wire endpoint
    ; warning
    @(72.39 mm, 106.68 mm): Horizontal Wire, length 2.54 mm
[pin_not_connected]: Pin not connected
    ; error
    @(74.93 mm, 106.68 mm): Symbol U1 Pin 7 [GPIO0/TX, Passive, Line]
[pin_not_connected]: Pin not connected
    ; error
    @(110.49 mm, 83.82 mm): Symbol U1 Pin 14 [VBUS, Passive, Line]
[unconnected_wire_endpoint]: Unconnected wire endpoint
    ; warning
    @(110.49 mm, 83.82 mm): Horizontal Wire, length 2.54 mm
[unconnected_wire_endpoint]: Unconnected wire endpoint
    ; warning
    @(110.49 mm, 95.25 mm): Horizontal Wire, length 2.54 mm
[unconnected_wire_endpoint]: Unconnected wire endpoint
    ; warning
    @(110.49 mm, 99.06 mm): Horizontal Wire, length 2.54 mm
[unconnected_wire_endpoint]: Unconnected wire endpoint
    ; warning
    @(110.49 mm, 102.87 mm): Horizontal Wire, length 2.54 mm
[pin_not_connected]: Pin not connected
    ; error
    @(110.49 mm, 106.68 mm): Symbol U1 Pin 8 [GPIO1/RX, Passive, Line]
[unconnected_wire_endpoint]: Unconnected wire endpoint
    ; warning
    @(110.49 mm, 106.68 mm): Horizontal Wire, length 2.54 mm
[unconnected_wire_endpoint]: Unconnected wire endpoint
    ; warning
    @(147.32 mm, 58.42 mm): Horizontal Wire, length 2.54 mm
[unconnected_wire_endpoint]: Unconnected wire endpoint
    ; warning
    @(147.32 mm, 60.96 mm): Horizontal Wire, length 2.54 mm
[unconnected_wire_endpoint]: Unconnected wire endpoint
    ; warning
    @(201.93 mm, 93.98 mm): Horizontal Wire, length 2.54 mm
[unconnected_wire_endpoint]: Unconnected wire endpoint
    ; warning
    @(201.93 mm, 99.06 mm): Horizontal Wire, length 2.54 mm
[power_pin_not_driven]: Input Power pin not driven by any Output Power pins
    ; error
    @(204.47 mm, 96.52 mm): Symbol #PWR01 Pin 1 [Power input, Line]

 ** ERC messages: 21  Errors 4  Warnings 17
